2022-08-08 13:53:40 [main] INFO  com.company.app.Main - info
2022-08-09 09:01:37 [getConnection] INFO  com.company.util.LoggerBookstore - Connection with database
2022-08-09 09:03:55 [getConnection] INFO  com.company.util.LoggerBookstore - Connection with database
2022-08-09 09:05:56 [getConnection] INFO  com.company.util.LoggerBookstore - Connection with database
2022-08-09 10:06:25 [getConnection] INFO  com.company.util.LoggerBookstore - Connection with database
2022-08-09 11:28:59 [getConnection] INFO  com.company.util.LoggerBookstore - Connection with database
2022-08-09 11:30:00 [getConnection] INFO  com.company.util.LoggerBookstore - Connection with database
2022-08-09 11:31:24 [getConnection] INFO  com.company.util.LoggerBookstore - Connection with database
2022-08-09 11:38:04 [getConnection] INFO  com.company.util.LoggerBookstore - Connection with database
2022-08-09 11:40:04 [getConnection] INFO  com.company.util.LoggerBookstore - Connection with database
2022-08-09 15:55:13 [getConnection] INFO  com.company.util.LoggerBookstore - Connection with database
2022-08-09 15:55:13 [getAll] ERROR com.company.util.LoggerBookstore - SQLExceptionorg.postgresql.util.PSQLException: ERROR: column books.year_publising does not exist
  Подсказка: Perhaps you meant to reference the column "books.year_publishing".
  Позиция: 102
2022-08-09 15:56:09 [getConnection] INFO  com.company.util.LoggerBookstore - Connection with database
2022-08-09 15:56:09 [getAll] ERROR com.company.util.LoggerBookstore - SQLExceptionorg.postgresql.util.PSQLException: ERROR: column books.year_publising does not exist
  Подсказка: Perhaps you meant to reference the column "books.year_publishing".
  Позиция: 102
2022-08-09 15:58:32 [getConnection] INFO  com.company.util.LoggerBookstore - Connection with database
2022-08-09 16:18:41 [getConnection] INFO  com.company.util.LoggerBookstore - Connection with database
2022-08-09 16:19:52 [getConnection] INFO  com.company.util.LoggerBookstore - Connection with database
2022-08-09 18:04:45 [getConnection] INFO  com.company.dao.connection.DateSourсe - Connection with database
2022-08-09 18:07:10 [getConnection] INFO  com.company.dao.connection.DateSourсe - Connection with database
2022-08-09 18:09:02 [getConnection] INFO  com.company.dao.connection.DateSourсe - Connection with database
2022-08-09 18:09:02 [getConnection] INFO  com.company.dao.connection.DateSourсe - Connection with database
2022-08-09 18:10:12 [getConnection] INFO  com.company.dao.connection.DateSourсe - Connection with database
2022-08-09 18:10:12 [getConnection] INFO  com.company.dao.connection.DateSourсe - Connection with database
2022-08-09 18:10:40 [getConnection] INFO  com.company.dao.connection.DateSourсe - Connection with database
2022-08-09 18:12:58 [getConnection] INFO  com.company.dao.connection.DateSourсe - Connection with database
2022-08-09 18:13:31 [getConnection] INFO  com.company.dao.connection.DateSourсe - Connection with database
2022-08-09 18:14:30 [getConnection] INFO  com.company.dao.connection.DateSourсe - Connection with database
2022-08-09 18:14:30 [getConnection] INFO  com.company.dao.connection.DateSourсe - Connection with database
2022-08-09 18:14:59 [getConnection] INFO  com.company.dao.connection.DateSourсe - Connection with database
2022-08-09 18:18:58 [getConnection] INFO  com.company.dao.connection.DateSourсe - Connection with database
2022-08-09 18:21:36 [getConnection] INFO  com.company.dao.connection.DateSourсe - Connection with database
2022-08-09 18:21:36 [getConnection] INFO  com.company.dao.connection.DateSourсe - Connection with database
2022-08-09 18:22:09 [getConnection] INFO  com.company.dao.connection.DateSourсe - Connection with database
2022-08-09 18:22:09 [getConnection] INFO  com.company.dao.connection.DateSourсe - Connection with database
2022-08-09 18:22:48 [getConnection] INFO  com.company.dao.connection.DateSourсe - Connection with database
2022-08-09 18:24:49 [getConnection] INFO  com.company.dao.connection.DateSourсe - Connection with database
2022-08-09 18:24:49 [getConnection] INFO  com.company.dao.connection.DateSourсe - Connection with database
2022-08-09 18:25:34 [getConnection] INFO  com.company.dao.connection.DateSourсe - Connection with database
2022-08-09 18:25:34 [getConnection] INFO  com.company.dao.connection.DateSourсe - Connection with database
2022-08-09 18:29:19 [getConnection] INFO  com.company.dao.connection.DateSourсe - Connection with database
2022-08-09 18:29:19 [getConnection] INFO  com.company.dao.connection.DateSourсe - Connection with database
2022-08-09 18:29:37 [getConnection] INFO  com.company.dao.connection.DateSourсe - Connection with database
2022-08-09 18:29:37 [getConnection] INFO  com.company.dao.connection.DateSourсe - Connection with database
2022-08-09 18:30:11 [getConnection] INFO  com.company.dao.connection.DateSourсe - Connection with database
2022-08-09 18:32:09 [getConnection] INFO  com.company.dao.connection.DateSourсe - Connection with database
2022-08-09 18:32:09 [getConnection] INFO  com.company.dao.connection.DateSourсe - Connection with database
2022-08-09 18:34:21 [getConnection] INFO  com.company.dao.connection.DateSourсe - Connection with database
2022-08-09 18:39:45 [getConnection] INFO  com.company.dao.connection.DateSourсe - Connection with database
2022-08-09 18:49:23 [getConnection] INFO  com.company.dao.connection.DateSourсe - Connection with database
2022-08-09 18:57:44 [getConnection] INFO  com.company.dao.connection.DateSourсe - Connection with database
2022-08-09 19:30:23 [getConnection] INFO  com.company.dao.connection.DateSourсe - Connection with database
2022-08-09 21:02:07 [getConnection] INFO  com.company.dao.connection.DateSourсe - Connection with database
2022-08-09 21:04:07 [getConnection] INFO  com.company.dao.connection.DateSourсe - Connection with database
2022-08-10 19:38:15 [getConnection] INFO  com.company.dao.connection.DateSourсe - Connection with database
